2019/6/5 15:45:05: ReadPLCCollection_ERROR:   在 System.IO.__Error.WinIOError(Int32 errorCode, String maybeFullPath)
   在 System.IO.FileStream.Init(String path, FileMode mode, FileAccess access, Int32 rights, Boolean useRights, FileShare share, Int32 bufferSize, FileOptions options, SECURITY_ATTRIBUTES secAttrs, String msgPath, Boolean bFromProxy, Boolean useLongPath, Boolean checkHost)
   在 System.IO.FileStream..ctor(String path, FileMode mode, FileAccess access, FileShare share, Int32 bufferSize)
   在 System.Xml.XmlDownloadManager.GetStream(Uri uri, ICredentials credentials, IWebProxy proxy, RequestCachePolicy cachePolicy)
   在 System.Xml.XmlUrlResolver.GetEntity(Uri absoluteUri, String role, Type ofObjectToReturn)
   在 System.Xml.XmlTextReaderImpl.OpenUrlDelegate(Object xmlResolver)
   在 System.Threading.CompressedStack.runTryCode(Object userData)
   在 System.Runtime.CompilerServices.RuntimeHelpers.ExecuteCodeWithGuaranteedCleanup(TryCode code, CleanupCode backoutCode, Object userData)
   在 System.Threading.CompressedStack.Run(CompressedStack compressedStack, ContextCallback callback, Object state)
   在 System.Xml.XmlTextReaderImpl.OpenUrl()
   在 System.Xml.XmlTextReaderImpl.Read()
   在 System.Xml.XmlLoader.Load(XmlDocument doc, XmlReader reader, Boolean preserveWhitespace)
   在 System.Xml.XmlDocument.Load(XmlReader reader)
   在 System.Xml.XmlDocument.Load(String filename)
   在 DataComm.DataComponent.ReadPLCCollection(String aFileName)Memory:0
2019/6/5 15:51:30: ReadPLCCollection_ERROR:   在 System.IO.__Error.WinIOError(Int32 errorCode, String maybeFullPath)
   在 System.IO.FileStream.Init(String path, FileMode mode, FileAccess access, Int32 rights, Boolean useRights, FileShare share, Int32 bufferSize, FileOptions options, SECURITY_ATTRIBUTES secAttrs, String msgPath, Boolean bFromProxy, Boolean useLongPath, Boolean checkHost)
   在 System.IO.FileStream..ctor(String path, FileMode mode, FileAccess access, FileShare share, Int32 bufferSize)
   在 System.Xml.XmlDownloadManager.GetStream(Uri uri, ICredentials credentials, IWebProxy proxy, RequestCachePolicy cachePolicy)
   在 System.Xml.XmlUrlResolver.GetEntity(Uri absoluteUri, String role, Type ofObjectToReturn)
   在 System.Xml.XmlTextReaderImpl.OpenUrlDelegate(Object xmlResolver)
   在 System.Threading.CompressedStack.runTryCode(Object userData)
   在 System.Runtime.CompilerServices.RuntimeHelpers.ExecuteCodeWithGuaranteedCleanup(TryCode code, CleanupCode backoutCode, Object userData)
   在 System.Threading.CompressedStack.Run(CompressedStack compressedStack, ContextCallback callback, Object state)
   在 System.Xml.XmlTextReaderImpl.OpenUrl()
   在 System.Xml.XmlTextReaderImpl.Read()
   在 System.Xml.XmlLoader.Load(XmlDocument doc, XmlReader reader, Boolean preserveWhitespace)
   在 System.Xml.XmlDocument.Load(XmlReader reader)
   在 System.Xml.XmlDocument.Load(String filename)
   在 DataComm.DataComponent.ReadPLCCollection(String aFileName)Memory:0
2019/6/5 15:52:53: ReadPLCCollection_ERROR:   在 System.IO.__Error.WinIOError(Int32 errorCode, String maybeFullPath)
   在 System.IO.FileStream.Init(String path, FileMode mode, FileAccess access, Int32 rights, Boolean useRights, FileShare share, Int32 bufferSize, FileOptions options, SECURITY_ATTRIBUTES secAttrs, String msgPath, Boolean bFromProxy, Boolean useLongPath, Boolean checkHost)
   在 System.IO.FileStream..ctor(String path, FileMode mode, FileAccess access, FileShare share, Int32 bufferSize)
   在 System.Xml.XmlDownloadManager.GetStream(Uri uri, ICredentials credentials, IWebProxy proxy, RequestCachePolicy cachePolicy)
   在 System.Xml.XmlUrlResolver.GetEntity(Uri absoluteUri, String role, Type ofObjectToReturn)
   在 System.Xml.XmlTextReaderImpl.OpenUrlDelegate(Object xmlResolver)
   在 System.Threading.CompressedStack.runTryCode(Object userData)
   在 System.Runtime.CompilerServices.RuntimeHelpers.ExecuteCodeWithGuaranteedCleanup(TryCode code, CleanupCode backoutCode, Object userData)
   在 System.Threading.CompressedStack.Run(CompressedStack compressedStack, ContextCallback callback, Object state)
   在 System.Xml.XmlTextReaderImpl.OpenUrl()
   在 System.Xml.XmlTextReaderImpl.Read()
   在 System.Xml.XmlLoader.Load(XmlDocument doc, XmlReader reader, Boolean preserveWhitespace)
   在 System.Xml.XmlDocument.Load(XmlReader reader)
   在 System.Xml.XmlDocument.Load(String filename)
   在 DataComm.DataComponent.ReadPLCCollection(String aFileName)Memory:0
2019/6/5 16:00:11: ReadPLCCollection_ERROR:   在 System.IO.__Error.WinIOError(Int32 errorCode, String maybeFullPath)
   在 System.IO.FileStream.Init(String path, FileMode mode, FileAccess access, Int32 rights, Boolean useRights, FileShare share, Int32 bufferSize, FileOptions options, SECURITY_ATTRIBUTES secAttrs, String msgPath, Boolean bFromProxy, Boolean useLongPath, Boolean checkHost)
   在 System.IO.FileStream..ctor(String path, FileMode mode, FileAccess access, FileShare share, Int32 bufferSize)
   在 System.Xml.XmlDownloadManager.GetStream(Uri uri, ICredentials credentials, IWebProxy proxy, RequestCachePolicy cachePolicy)
   在 System.Xml.XmlUrlResolver.GetEntity(Uri absoluteUri, String role, Type ofObjectToReturn)
   在 System.Xml.XmlTextReaderImpl.OpenUrlDelegate(Object xmlResolver)
   在 System.Threading.CompressedStack.runTryCode(Object userData)
   在 System.Runtime.CompilerServices.RuntimeHelpers.ExecuteCodeWithGuaranteedCleanup(TryCode code, CleanupCode backoutCode, Object userData)
   在 System.Threading.CompressedStack.Run(CompressedStack compressedStack, ContextCallback callback, Object state)
   在 System.Xml.XmlTextReaderImpl.OpenUrl()
   在 System.Xml.XmlTextReaderImpl.Read()
   在 System.Xml.XmlLoader.Load(XmlDocument doc, XmlReader reader, Boolean preserveWhitespace)
   在 System.Xml.XmlDocument.Load(XmlReader reader)
   在 System.Xml.XmlDocument.Load(String filename)
   在 DataComm.DataComponent.ReadPLCCollection(String aFileName)Memory:0
2019/6/5 16:09:02: ReadPLCCollection_ERROR:   在 System.IO.__Error.WinIOError(Int32 errorCode, String maybeFullPath)
   在 System.IO.FileStream.Init(String path, FileMode mode, FileAccess access, Int32 rights, Boolean useRights, FileShare share, Int32 bufferSize, FileOptions options, SECURITY_ATTRIBUTES secAttrs, String msgPath, Boolean bFromProxy, Boolean useLongPath, Boolean checkHost)
   在 System.IO.FileStream..ctor(String path, FileMode mode, FileAccess access, FileShare share, Int32 bufferSize)
   在 System.Xml.XmlDownloadManager.GetStream(Uri uri, ICredentials credentials, IWebProxy proxy, RequestCachePolicy cachePolicy)
   在 System.Xml.XmlUrlResolver.GetEntity(Uri absoluteUri, String role, Type ofObjectToReturn)
   在 System.Xml.XmlTextReaderImpl.OpenUrlDelegate(Object xmlResolver)
   在 System.Threading.CompressedStack.runTryCode(Object userData)
   在 System.Runtime.CompilerServices.RuntimeHelpers.ExecuteCodeWithGuaranteedCleanup(TryCode code, CleanupCode backoutCode, Object userData)
   在 System.Threading.CompressedStack.Run(CompressedStack compressedStack, ContextCallback callback, Object state)
   在 System.Xml.XmlTextReaderImpl.OpenUrl()
   在 System.Xml.XmlTextReaderImpl.Read()
   在 System.Xml.XmlLoader.Load(XmlDocument doc, XmlReader reader, Boolean preserveWhitespace)
   在 System.Xml.XmlDocument.Load(XmlReader reader)
   在 System.Xml.XmlDocument.Load(String filename)
   在 DataComm.DataComponent.ReadPLCCollection(String aFileName)Memory:0
2019/6/5 16:18:33: ReadPLCCollection_ERROR:   在 System.IO.__Error.WinIOError(Int32 errorCode, String maybeFullPath)
   在 System.IO.FileStream.Init(String path, FileMode mode, FileAccess access, Int32 rights, Boolean useRights, FileShare share, Int32 bufferSize, FileOptions options, SECURITY_ATTRIBUTES secAttrs, String msgPath, Boolean bFromProxy, Boolean useLongPath, Boolean checkHost)
   在 System.IO.FileStream..ctor(String path, FileMode mode, FileAccess access, FileShare share, Int32 bufferSize)
   在 System.Xml.XmlDownloadManager.GetStream(Uri uri, ICredentials credentials, IWebProxy proxy, RequestCachePolicy cachePolicy)
   在 System.Xml.XmlUrlResolver.GetEntity(Uri absoluteUri, String role, Type ofObjectToReturn)
   在 System.Xml.XmlTextReaderImpl.OpenUrlDelegate(Object xmlResolver)
   在 System.Threading.CompressedStack.runTryCode(Object userData)
   在 System.Runtime.CompilerServices.RuntimeHelpers.ExecuteCodeWithGuaranteedCleanup(TryCode code, CleanupCode backoutCode, Object userData)
   在 System.Threading.CompressedStack.Run(CompressedStack compressedStack, ContextCallback callback, Object state)
   在 System.Xml.XmlTextReaderImpl.OpenUrl()
   在 System.Xml.XmlTextReaderImpl.Read()
   在 System.Xml.XmlLoader.Load(XmlDocument doc, XmlReader reader, Boolean preserveWhitespace)
   在 System.Xml.XmlDocument.Load(XmlReader reader)
   在 System.Xml.XmlDocument.Load(String filename)
   在 DataComm.DataComponent.ReadPLCCollection(String aFileName)Memory:0
2019/6/5 16:24:22: ReadPLCCollection_ERROR:   在 System.IO.__Error.WinIOError(Int32 errorCode, String maybeFullPath)
   在 System.IO.FileStream.Init(String path, FileMode mode, FileAccess access, Int32 rights, Boolean useRights, FileShare share, Int32 bufferSize, FileOptions options, SECURITY_ATTRIBUTES secAttrs, String msgPath, Boolean bFromProxy, Boolean useLongPath, Boolean checkHost)
   在 System.IO.FileStream..ctor(String path, FileMode mode, FileAccess access, FileShare share, Int32 bufferSize)
   在 System.Xml.XmlDownloadManager.GetStream(Uri uri, ICredentials credentials, IWebProxy proxy, RequestCachePolicy cachePolicy)
   在 System.Xml.XmlUrlResolver.GetEntity(Uri absoluteUri, String role, Type ofObjectToReturn)
   在 System.Xml.XmlTextReaderImpl.OpenUrlDelegate(Object xmlResolver)
   在 System.Threading.CompressedStack.runTryCode(Object userData)
   在 System.Runtime.CompilerServices.RuntimeHelpers.ExecuteCodeWithGuaranteedCleanup(TryCode code, CleanupCode backoutCode, Object userData)
   在 System.Threading.CompressedStack.Run(CompressedStack compressedStack, ContextCallback callback, Object state)
   在 System.Xml.XmlTextReaderImpl.OpenUrl()
   在 System.Xml.XmlTextReaderImpl.Read()
   在 System.Xml.XmlLoader.Load(XmlDocument doc, XmlReader reader, Boolean preserveWhitespace)
   在 System.Xml.XmlDocument.Load(XmlReader reader)
   在 System.Xml.XmlDocument.Load(String filename)
   在 DataComm.DataComponent.ReadPLCCollection(String aFileName)Memory:0
